app/build/outputs/logs/manifest-merger-prod-release-report.txt
-- Merging decision tree log ---
manifest
ADDED from src/main/AndroidManifest.xml:25:1-103:12
	xmlns:android
		ADDED from src/main/AndroidManifest.xml:27:5-63
	package
		ADDED from src/main/AndroidManifest.xml:26:5-38
		INJECTED from src/main/AndroidManifest.xml
		INJECTED from src/main/AndroidManifest.xml
	android:versionName
		INJECTED from src/main/AndroidManifest.xml
		INJECTED from src/main/AndroidManifest.xml
	android:versionCode
		INJECTED from src/main/AndroidManifest.xml
		INJECTED from src/main/AndroidManifest.xml
uses-permission#android.permission.INTERNET
ADDED from src/main/AndroidManifest.xml:29:5-66
MERGED from [com.crashlytics.sdk.android:crashlytics:2.5.5] AndroidManifest.xml:9:5-67
MERGED from [com.crashlytics.sdk.android:answers:1.3.6] AndroidManifest.xml:9:5-67
MERGED from [io.fabric.sdk.android:fabric:1.3.10] AndroidManifest.xml:25:5-67
MERGED from [com.crashlytics.sdk.android:crashlytics-core:2.3.8] AndroidManifest.xml:9:5-67
MERGED from [com.crashlytics.sdk.android:answers:1.3.6] AndroidManifest.xml:9:5-67
MERGED from [io.fabric.sdk.android:fabric:1.3.10] AndroidManifest.xml:25:5-67
MERGED from [io.fabric.sdk.android:fabric:1.3.10] AndroidManifest.xml:25:5-67
MERGED from [io.fabric.sdk.android:fabric:1.3.10] AndroidManifest.xml:25:5-67
MERGED from [com.crashlytics.sdk.android:beta:1.1.4] AndroidManifest.xml:9:5-67
	android:name
		ADDED from src/main/AndroidManifest.xml:29:22-64
uses-permission#android.permission.WAKE_LOCK
ADDED from src/main/AndroidManifest.xml:30:5-67
	android:name
		ADDED from src/main/AndroidManifest.xml:30:22-65
application
ADDED from src/main/AndroidManifest.xml:33:5-101:19
MERGED from [com.android.support:support-v4:23.1.1] AndroidManifest.xml:22:5-20
MERGED from [com.android.support:appcompat-v7:23.1.1] AndroidManifest.xml:22:5-20
MERGED from [com.android.support:support-v4:23.1.1] AndroidManifest.xml:22:5-20
MERGED from [com.crashlytics.sdk.android:crashlytics:2.5.5] AndroidManifest.xml:11:5-20
MERGED from [com.crashlytics.sdk.android:answers:1.3.6] AndroidManifest.xml:11:5-20
MERGED from [io.fabric.sdk.android:fabric:1.3.10] AndroidManifest.xml:27:5-20
MERGED from [com.crashlytics.sdk.android:crashlytics-core:2.3.8] AndroidManifest.xml:11:5-20
MERGED from [com.crashlytics.sdk.android:answers:1.3.6] AndroidManifest.xml:11:5-20
MERGED from [io.fabric.sdk.android:fabric:1.3.10] AndroidManifest.xml:27:5-20
MERGED from [io.fabric.sdk.android:fabric:1.3.10] AndroidManifest.xml:27:5-20
MERGED from [io.fabric.sdk.android:fabric:1.3.10] AndroidManifest.xml:27:5-20
MERGED from [com.crashlytics.sdk.android:beta:1.1.4] AndroidManifest.xml:11:5-20
	android:label
		ADDED from src/main/AndroidManifest.xml:38:9-41
	android:allowBackup
		ADDED from src/main/AndroidManifest.xml:35:9-36
	android:icon
		ADDED from src/main/AndroidManifest.xml:37:9-45
	android:hardwareAccelerated
		ADDED from src/main/AndroidManifest.xml:36:9-43
	android:name
		ADDED from src/main/AndroidManifest.xml:34:9-72
meta-data#io.fabric.ApiKey
ADDED from src/main/AndroidManifest.xml:39:9-41:71
	android:name
		ADDED from src/main/AndroidManifest.xml:40:13-44
	android:value
		ADDED from src/main/AndroidManifest.xml:41:13-69
activity#com.codeskraps.sbrowser.home.SBrowserActivity
ADDED from src/main/AndroidManifest.xml:43:9-63:20
	android:label
		ADDED from src/main/AndroidManifest.xml:46:13-45
	android:configChanges
		ADDED from src/main/AndroidManifest.xml:45:13-74
	android:theme
		ADDED from src/main/AndroidManifest.xml:47:13-55
	android:name
		ADDED from src/main/AndroidManifest.xml:44:13-73
intent-filter#android.intent.action.MAIN+android.intent.category.LAUNCHER
ADDED from src/main/AndroidManifest.xml:48:13-52:29
action#android.intent.action.MAIN
ADDED from src/main/AndroidManifest.xml:49:17-68
	android:name
		ADDED from src/main/AndroidManifest.xml:49:25-66
category#android.intent.category.LAUNCHER
ADDED from src/main/AndroidManifest.xml:51:17-76
	android:name
		ADDED from src/main/AndroidManifest.xml:51:27-74
intent-filter#android.intent.action.SEND+android.intent.action.VIEW+android.intent.category.BROWSABLE+android.intent.category.DEFAULT
ADDED from src/main/AndroidManifest.xml:53:13-62:29
action#android.intent.action.SEND
ADDED from src/main/AndroidManifest.xml:54:17-68
	android:name
		ADDED from src/main/AndroidManifest.xml:54:25-66
action#android.intent.action.VIEW
ADDED from src/main/AndroidManifest.xml:55:17-68
	android:name
		ADDED from src/main/AndroidManifest.xml:55:25-66
category#android.intent.category.BROWSABLE
ADDED from src/main/AndroidManifest.xml:57:17-77
	android:name
		ADDED from src/main/AndroidManifest.xml:57:27-75
category#android.intent.category.DEFAULT
ADDED from src/main/AndroidManifest.xml:58:17-75
	android:name
		ADDED from src/main/AndroidManifest.xml:58:27-73
data
ADDED from src/main/AndroidManifest.xml:60:17-46
	android:scheme
		ADDED from src/main/AndroidManifest.xml:60:23-44
activity#com.codeskraps.sbrowser.home.TabsActivity
ADDED from src/main/AndroidManifest.xml:64:9-66:68
	android:theme
		ADDED from src/main/AndroidManifest.xml:66:13-66
	android:name
		ADDED from src/main/AndroidManifest.xml:65:13-69
activity#com.codeskraps.sbrowser.home.BookmarksActivity
ADDED from src/main/AndroidManifest.xml:67:9-70:57
	android:label
		ADDED from src/main/AndroidManifest.xml:69:13-50
	android:theme
		ADDED from src/main/AndroidManifest.xml:70:13-55
	android:name
		ADDED from src/main/AndroidManifest.xml:68:13-74
activity#com.codeskraps.sbrowser.home.VideoPlayer
ADDED from src/main/AndroidManifest.xml:71:9-75:78
	android:screenOrientation
		ADDED from src/main/AndroidManifest.xml:74:13-50
	android:theme
		ADDED from src/main/AndroidManifest.xml:75:13-76
	android:name
		ADDED from src/main/AndroidManifest.xml:72:13-68
	android:launchMode
		ADDED from src/main/AndroidManifest.xml:73:13-44
activity#com.codeskraps.sbrowser.home.PreferenceActivity
ADDED from src/main/AndroidManifest.xml:76:9-78:57
	android:theme
		ADDED from src/main/AndroidManifest.xml:78:13-55
	android:name
		ADDED from src/main/AndroidManifest.xml:77:13-75
activity#com.codeskraps.sbrowser.home.PrefsUserActivity
ADDED from src/main/AndroidManifest.xml:79:9-81:68
	android:theme
		ADDED from src/main/AndroidManifest.xml:81:13-66
	android:name
		ADDED from src/main/AndroidManifest.xml:80:13-74
activity#com.codeskraps.sbrowser.home.PurchaseActivity
ADDED from src/main/AndroidManifest.xml:82:9-84:68
	android:theme
		ADDED from src/main/AndroidManifest.xml:84:13-66
	android:name
		ADDED from src/main/AndroidManifest.xml:83:13-73
activity#com.codeskraps.sbrowser.loginsignup.DispatchActivity
ADDED from src/main/AndroidManifest.xml:85:9-87:68
	android:theme
		ADDED from src/main/AndroidManifest.xml:87:13-66
	android:name
		ADDED from src/main/AndroidManifest.xml:86:13-80
activity#com.codeskraps.sbrowser.loginsignup.LoginActivity
ADDED from src/main/AndroidManifest.xml:88:9-90:68
	android:theme
		ADDED from src/main/AndroidManifest.xml:90:13-66
	android:name
		ADDED from src/main/AndroidManifest.xml:89:13-77
activity#com.codeskraps.sbrowser.loginsignup.SignUpActivity
ADDED from src/main/AndroidManifest.xml:91:9-93:68
	android:theme
		ADDED from src/main/AndroidManifest.xml:93:13-66
	android:name
		ADDED from src/main/AndroidManifest.xml:92:13-78
activity#com.codeskraps.sbrowser.loginsignup.SignUpOrLogInActivity
ADDED from src/main/AndroidManifest.xml:94:9-96:68
	android:theme
		ADDED from src/main/AndroidManifest.xml:96:13-66
	android:name
		ADDED from src/main/AndroidManifest.xml:95:13-85
service#com.codeskraps.sbrowser.services.ProAccoundVerificationService
ADDED from src/main/AndroidManifest.xml:98:9-97
	android:name
		ADDED from src/main/AndroidManifest.xml:98:18-95
service#com.codeskraps.sbrowser.services.SyncService
ADDED from src/main/AndroidManifest.xml:99:9-79
	android:name
		ADDED from src/main/AndroidManifest.xml:99:18-77
uses-sdk
INJECTED from src/main/AndroidManifest.xml reason: use-sdk injection requested
MERGED from [com.android.support:support-v4:23.1.1] AndroidManifest.xml:20:5-43
MERGED from [com.android.support:appcompat-v7:23.1.1] AndroidManifest.xml:20:5-43
MERGED from [com.android.support:support-v4:23.1.1] AndroidManifest.xml:20:5-43
MERGED from [com.crashlytics.sdk.android:crashlytics:2.5.5] AndroidManifest.xml:7:5-43
MERGED from [com.crashlytics.sdk.android:answers:1.3.6] AndroidManifest.xml:7:5-43
MERGED from [io.fabric.sdk.android:fabric:1.3.10] AndroidManifest.xml:23:5-43
MERGED from [com.crashlytics.sdk.android:crashlytics-core:2.3.8] AndroidManifest.xml:7:5-43
MERGED from [com.crashlytics.sdk.android:answers:1.3.6] AndroidManifest.xml:7:5-43
MERGED from [io.fabric.sdk.android:fabric:1.3.10] AndroidManifest.xml:23:5-43
MERGED from [io.fabric.sdk.android:fabric:1.3.10] AndroidManifest.xml:23:5-43
MERGED from [io.fabric.sdk.android:fabric:1.3.10] AndroidManifest.xml:23:5-43
MERGED from [com.crashlytics.sdk.android:beta:1.1.4] AndroidManifest.xml:7:5-43
	android:targetSdkVersion
		INJECTED from src/main/AndroidManifest.xml
		INJECTED from src/main/AndroidManifest.xml
	android:minSdkVersion
		INJECTED from src/main/AndroidManifest.xml
		INJECTED from src/main/AndroidManifest.xml